Finding modified or new files...
BACKUP 2017-11-14 09:32:40 -----------
Finding modified or new files...
Init copy...
copying /handlers/Authenticate.cfc
copying /tests/specs/unit/QueryServiceTest.cfc
copying /interceptors/ClientSessionInterceptor.cfc
copying /Application.cfc
copying /models/formulario/FormularioService.cfc
copying /models/QueryService.cfc
copying /models/participante/ParticipanteDAO.cfc
copying /models/participante/ParticipanteService.cfc
copying /models/Response.cfc
copying /config/WireBox.cfc
copying /config/Coldbox.cfc
copying /config/Application.cfc
copying /config/CacheBox.cfc
copying /modules_app/apic-v1/handlers/Participantes.cfc
copying /modules_app/apic-v1/handlers/Home.cfc
copying /modules_app/apic-v1/handlers/Formularios.cfc
copying /modules_app/apic-v1/ModuleConfig.cfc
copying /box.json
End finding
.
BACKUP 2017-11-14 10:12:03 -----------
Finding modified or new files...
Init copy...
copying /handlers/Authenticate.cfc
copying /tests/specs/unit/QueryServiceTest.cfc
copying /interceptors/ClientSessionInterceptor.cfc
copying /Application.cfc
copying /models/formulario/FormularioService.cfc
copying /models/QueryService.cfc
copying /models/participante/ParticipanteDAO.cfc
copying /models/participante/ParticipanteService.cfc
copying /models/Response.cfc
copying /config/WireBox.cfc
copying /config/Coldbox.cfc
copying /config/Application.cfc
copying /config/CacheBox.cfc
copying /modules_app/apic-v1/handlers/Participantes.cfc
copying /modules_app/apic-v1/handlers/Home.cfc
copying /modules_app/apic-v1/handlers/Formularios.cfc
copying /modules_app/apic-v1/ModuleConfig.cfc
copying /includes/helpers/QuerysHelper.cfm
copying /box.json
End finding
.
BACKUP 2017-11-15 09:22:43 -----------
Finding modified or new files...
Init copy...
copying /models/formulario/FormularioDAO.cfc
copying /models/BaseModel.cfc
copying /models/participante/ParticipanteDAO.cfc
copying /models/participante/ParticipanteService.cfc
copying /models/traduccion/TraduccionService.cfc
copying /config/Coldbox.cfc
copying /includes/helpers/ApplicationHelper.cfm
copying /includes/helpers/GenerarConsultaInformeAgrupacionRestoAgrupaciones.cfm
copying /includes/helpers/QuerysHelper.cfm
End finding
.
BACKUP 2017-11-15 14:16:06 -----------
Finding modified or new files...
Init copy...
copying /handlers/BaseHandler.cfc
copying /models/participante/ParticipanteDAO.cfc
copying /models/participante/ParticipanteService.cfc
copying /config/Coldbox.cfc
copying /modules_app/apic-v1/views/home/documentation.cfm
copying /includes/helpers/QuerysHelper.cfm
End finding
.
BACKUP 2017-11-16 10:08:58 -----------
Finding modified or new files...
Init copy...
copying /handlers/BaseHandler.cfc
copying /.jsbeautifyrc
copying /.cflintrc
copying /.gitignore
copying /Application.cfc
copying /models/QueryService.cfc
copying /models/participante/ParticipanteDAO.cfc
copying /models/participante/ParticipanteService.cfc
copying /models/Response.cfc
copying /config/Coldbox.cfc
copying /includes/helpers/QuerysHelper.cfm
End finding
.
BACKUP 2017-11-16 14:41:54 -----------
Finding modified or new files...
Init copy...
copying /handlers/BaseHandler.cfc
copying /.jsbeautifyrc
copying /.cflintrc
copying /.gitignore
copying /interceptors/LangInterceptor.cfc
copying /interceptors/SecurityInterceptor.cfc
copying /interceptors/ClientSessionInterceptor.cfc
copying /interceptors/DatabaseInterceptor.cfc
copying /Application.cfc
copying /models/formulario/FormularioDAO.cfc
copying /models/formulario/FormularioService.cfc
copying /models/BaseModel.cfc
copying /models/QueryService.cfc
copying /models/participante/ParticipanteDAO.cfc
copying /models/participante/ParticipanteService.cfc
copying /models/Response.cfc
copying /config/Coldbox.cfc
copying /config/CacheBox.cfc
copying /modules_app/apic-v1/handlers/Home.cfc
copying /modules_app/apic-v1/views/home/documentation.cfm
copying /includes/helpers/ApplicationHelper.cfm
copying /includes/helpers/QuerysHelper.cfm
End finding
.
BACKUP 2017-11-16 19:05:48 -----------
Finding modified or new files...
Init copy...
copying /handlers/BaseHandler.cfc
copying /handlers/Authenticate.cfc
copying /.jsbeautifyrc
copying /.cflintrc
copying /.gitignore
copying /interceptors/LangInterceptor.cfc
copying /interceptors/SecurityInterceptor.cfc
copying /interceptors/ClientSessionInterceptor.cfc
copying /interceptors/DatabaseInterceptor.cfc
copying /Application.cfc
copying /models/formulario/FormularioDAO.cfc
copying /models/formulario/FormularioService.cfc
copying /models/BaseModel.cfc
copying /models/QueryService.cfc
copying /models/participante/ParticipanteDAO.cfc
copying /models/participante/ParticipanteService.cfc
copying /models/Response.cfc
copying /models/security/AuthenticationService.cfc
copying /models/traduccion/TraduccionDAO.cfc
copying /models/traduccion/TraduccionService.cfc
copying /config/Coldbox.cfc
copying /config/CacheBox.cfc
copying /modules_app/apic-v1/handlers/Home.cfc
copying /modules_app/apic-v1/views/home/documentation.cfm
copying /includes/helpers/ApplicationHelper.cfm
End finding
.
BACKUP 2017-11-17 09:04:21 -----------
Finding modified or new files...
Init copy...
copying /handlers/BaseHandler.cfc
copying /handlers/Authenticate.cfc
copying /.jsbeautifyrc
copying /.cflintrc
copying /.gitignore
copying /interceptors/LangInterceptor.cfc
copying /interceptors/SecurityInterceptor.cfc
copying /interceptors/ClientSessionInterceptor.cfc
copying /interceptors/DatabaseInterceptor.cfc
copying /Application.cfc
copying /models/formulario/FormularioDAO.cfc
copying /models/formulario/FormularioService.cfc
copying /models/BaseModel.cfc
copying /models/QueryService.cfc
copying /models/participante/ParticipanteDAO.cfc
copying /models/participante/ParticipanteService.cfc
copying /models/Response.cfc
copying /models/security/AuthenticationService.cfc
copying /models/traduccion/TraduccionDAO.cfc
copying /models/traduccion/TraduccionService.cfc
copying /config/Coldbox.cfc
copying /config/Application.cfc
copying /config/CacheBox.cfc
copying /modules_app/apic-v1/handlers/Home.cfc
copying /modules_app/apic-v1/views/home/documentation.cfm
copying /includes/helpers/ApplicationHelper.cfm
copying /coldbox/system/core/util/Util.cfc
End finding
.
BACKUP 2017-11-17 12:50:57 -----------
Finding modified or new files...
Init copy...
copying /handlers/BaseHandler.cfc
copying /handlers/Authenticate.cfc
copying /interceptors/LangInterceptor.cfc
copying /interceptors/SecurityInterceptor.cfc
copying /interceptors/ClientSessionInterceptor.cfc
copying /interceptors/DatabaseInterceptor.cfc
copying /cf-jwt-simple/jwt.cfc
copying /Application.cfc
copying /models/formulario/FormularioDAO.cfc
copying /models/formulario/FormularioService.cfc
copying /models/QueryService.cfc
copying /models/participante/ParticipanteDAO.cfc
copying /models/participante/ParticipanteService.cfc
copying /models/campo/CampoFormularioImagen.cfc
copying /models/campo/CampoFormularioPais.cfc
copying /models/campo/CampoFormularioText.cfc
copying /models/campo/CampoFormularioRelacion.cfc
copying /models/campo/CampoFormularioList.cfc
copying /models/campo/CampoFormularioTextArea.cfc
copying /models/campo/CampoFormularioRadio.cfc
copying /models/campo/CampoFormularioPoblacion.cfc
copying /models/campo/CampoFormularioProvincia.cfc
copying /models/campo/CampoFormularioFecha.cfc
copying /models/campo/CampoFormulario.cfc
copying /models/Response.cfc
copying /models/security/AuthenticationService.cfc
copying /models/traduccion/TraduccionDAO.cfc
copying /models/traduccion/TraduccionService.cfc
copying /config/Routes.cfm
copying /config/Coldbox.cfc
copying /config/Application.cfc
copying /config/CacheBox.cfc
copying /modules_app/apic-v1/handlers/Home.cfc
copying /modules_app/apic-v1/views/home/documentation.cfm
copying /includes/helpers/GestionParticipantes.cfm
copying /includes/helpers/QuerysHelper.cfm
copying /coldbox/system/core/util/Util.cfc
End finding
.
BACKUP 2017-11-17 14:27:48 -----------
Finding modified or new files...
Init copy...
copying /handlers/BaseHandler.cfc
copying /handlers/Authenticate.cfc
copying /interceptors/LangInterceptor.cfc
copying /interceptors/ClientSessionInterceptor.cfc
copying /interceptors/DatabaseInterceptor.cfc
copying /cf-jwt-simple/jwt.cfc
copying /Application.cfc
copying /models/formulario/FormularioDAO.cfc
copying /models/formulario/FormularioService.cfc
copying /models/QueryService.cfc
copying /models/participante/ParticipanteDAO.cfc
copying /models/participante/ParticipanteService.cfc
copying /models/campo/CampoFormularioCheck.cfc
copying /models/campo/CampoFormularioImagen.cfc
copying /models/campo/CampoDAO.cfc
copying /models/campo/CampoFormularioPais.cfc
copying /models/campo/CampoFormularioText.cfc
copying /models/campo/CampoFormularioRelacion.cfc
copying /models/campo/CampoFormularioList.cfc
copying /models/campo/CampoFormularioTextArea.cfc
copying /models/campo/CampoFormularioRadio.cfc
copying /models/campo/CampoFormularioPoblacion.cfc
copying /models/campo/CampoFormularioProvincia.cfc
copying /models/campo/CampoFormularioFecha.cfc
copying /models/campo/CampoFormulario.cfc
copying /models/security/AuthenticationService.cfc
copying /models/traduccion/TraduccionDAO.cfc
copying /models/traduccion/TraduccionService.cfc
copying /config/Routes.cfm
copying /config/Coldbox.cfc
copying /config/Application.cfc
copying /config/CacheBox.cfc
copying /modules_app/apic-v1/views/home/documentation.cfm
copying /includes/helpers/GestionParticipantes.cfm
copying /includes/helpers/QuerysHelper.cfm
copying /coldbox/system/core/util/Util.cfc
End finding
.
BACKUP 2017-11-20 14:32:39 -----------
Finding modified or new files...
Init copy...
copying /handlers/BaseHandler.cfc
copying /cf-jwt-simple/jwt.cfc
copying /models/formulario/FormularioDAO.cfc
copying /models/formulario/FormularioService.cfc
copying /models/participante/ParticipanteService.cfc
copying /models/tipoparticipante/TipoParticipanteService.cfc
copying /models/security/AuthenticationService.cfc
copying /config/Coldbox.cfc
copying /modules_app/apic-v1/handlers/Formularios.cfc
copying /modules_app/apic-v1/ModuleConfig.cfc
End finding
.
BACKUP 2017-11-21 09:21:22 -----------
Finding modified or new files...
Init copy...
copying /handlers/BaseHandler.cfc
copying /cf-jwt-simple/jwt.cfc
copying /models/formulario/FormularioDAO.cfc
copying /models/formulario/FormularioService.cfc
copying /models/BaseModel.cfc
copying /models/QueryService.cfc
copying /models/participante/ParticipanteService.cfc
copying /models/tipoparticipante/TipoParticipanteService.cfc
copying /models/security/AuthenticationService.cfc
copying /config/Coldbox.cfc
copying /modules_app/apic-v1/handlers/Formularios.cfc
copying /modules_app/apic-v1/ModuleConfig.cfc
End finding
.
BACKUP 2017-11-21 12:38:58 -----------
Finding modified or new files...
Init copy...
copying /handlers/Echo.cfc
copying /handlers/BaseHandler.cfc
copying /handlers/Authenticate.cfc
copying /logs/COLDBOXTRACER.log
copying /interceptors/ClientSessionInterceptor.cfc
copying /cf-jwt-simple/jwt.cfc
copying /Application.cfc
copying /models/formulario/FormularioDAO.cfc
copying /models/formulario/FormularioService.cfc
copying /models/evento/EventoService.cfc
copying /models/BaseModel.cfc
copying /models/QueryService.cfc
copying /models/participante/ParticipanteDAO.cfc
copying /models/participante/ParticipanteService.cfc
copying /models/informe/InformeDAO.cfc
copying /models/tipoparticipante/TipoParticipanteService.cfc
copying /models/security/AuthenticationService.cfc
copying /config/Routes.cfm
copying /config/Coldbox.cfc
copying /modules_app/apic-v1/handlers/Participantes.cfc
copying /modules_app/apic-v1/handlers/Home.cfc
copying /modules_app/apic-v1/handlers/TiposParticipantes.cfc
copying /modules_app/apic-v1/handlers/Formularios.cfc
copying /modules_app/apic-v1/ModuleConfig.cfc
End finding
.
BACKUP 2017-11-21 12:39:24 -----------
Finding modified or new files...
Init copy...
copying /handlers/Echo.cfc
copying /handlers/BaseHandler.cfc
copying /handlers/Authenticate.cfc
copying /logs/COLDBOXTRACER.log
copying /interceptors/ClientSessionInterceptor.cfc
copying /cf-jwt-simple/jwt.cfc
copying /Application.cfc
copying /models/formulario/FormularioDAO.cfc
copying /models/formulario/FormularioService.cfc
copying /models/evento/EventoService.cfc
copying /models/BaseModel.cfc
copying /models/QueryService.cfc
copying /models/participante/ParticipanteDAO.cfc
copying /models/participante/ParticipanteService.cfc
copying /models/informe/InformeDAO.cfc
copying /models/tipoparticipante/TipoParticipanteService.cfc
copying /models/security/AuthenticationService.cfc
copying /config/Routes.cfm
copying /config/Coldbox.cfc
copying /modules_app/apic-v1/handlers/Participantes.cfc
copying /modules_app/apic-v1/handlers/Home.cfc
copying /modules_app/apic-v1/handlers/TiposParticipantes.cfc
copying /modules_app/apic-v1/handlers/Formularios.cfc
copying /modules_app/apic-v1/ModuleConfig.cfc
End finding
.
BACKUP 2017-11-21 15:09:47 -----------
Finding modified or new files...
Init copy...
copying /handlers/Echo.cfc
copying /handlers/BaseHandler.cfc
copying /handlers/Authenticate.cfc
copying /logs/COLDBOXTRACER.log
copying /interceptors/ClientSessionInterceptor.cfc
copying /Application.cfc
copying /models/formulario/FormularioDAO.cfc
copying /models/formulario/FormularioService.cfc
copying /models/evento/EventoService.cfc
copying /models/BaseModel.cfc
copying /models/QueryService.cfc
copying /models/participante/ParticipanteDAO.cfc
copying /models/participante/ParticipanteService.cfc
copying /models/informe/InformeDAO.cfc
copying /models/tipoparticipante/TipoParticipanteService.cfc
copying /models/security/AuthenticationService.cfc
copying /config/Routes.cfm
copying /config/Coldbox.cfc
copying /modules_app/apic-v1/handlers/Participantes.cfc
copying /modules_app/apic-v1/handlers/Home.cfc
copying /modules_app/apic-v1/handlers/TiposParticipantes.cfc
copying /modules_app/apic-v1/handlers/Formularios.cfc
copying /modules_app/apic-v1/ModuleConfig.cfc
End finding
.
BACKUP 2017-11-22 09:47:23 -----------
Finding modified or new files...
Init copy...
copying /handlers/Echo.cfc
copying /handlers/BaseHandler.cfc
copying /handlers/Authenticate.cfc
copying /logs/COLDBOXTRACER.log
copying /logs/system.log
copying /logs/access.log
copying /interceptors/ClientSessionInterceptor.cfc
copying /access/FILELOG.log
copying /Application.cfc
copying /models/formulario/FormularioDAO.cfc
copying /models/formulario/FormularioService.cfc
copying /models/evento/EventoService.cfc
copying /models/QueryService.cfc
copying /models/participante/ParticipanteDAO.cfc
copying /models/participante/ParticipanteService.cfc
copying /models/informe/InformeDAO.cfc
copying /models/tipoparticipante/TipoParticipanteService.cfc
copying /models/Response.cfc
copying /models/security/AuthenticationService.cfc
copying /config/Routes.cfm
copying /config/Coldbox.cfc
copying /modules_app/apic-v1/handlers/Participantes.cfc
copying /modules_app/apic-v1/handlers/Home.cfc
copying /modules_app/apic-v1/handlers/TiposParticipantes.cfc
copying /modules_app/apic-v1/handlers/Formularios.cfc
copying /modules_app/apic-v1/ModuleConfig.cfc
copying /includes/helpers/ApplicationHelper.cfm
End finding
.
BACKUP 2017-11-22 10:53:16 -----------
Finding modified or new files...
Init copy...
copying /handlers/Echo.cfc
copying /handlers/BaseHandler.cfc
copying /handlers/Authenticate.cfc
copying /.gitignore
copying /logs/COLDBOXTRACER.log
copying /logs/system.log
copying /logs/access.log
copying /interceptors/ClientSessionInterceptor.cfc
copying /cf-jwt-simple/jwt.cfc
copying /Application.cfc
copying /models/formulario/FormularioDAO.cfc
copying /models/formulario/FormularioService.cfc
copying /models/evento/EventoService.cfc
copying /models/participante/ParticipanteDAO.cfc
copying /models/participante/ParticipanteService.cfc
copying /models/informe/InformeDAO.cfc
copying /models/TokenService.cfc
copying /models/tipoparticipante/TipoParticipanteService.cfc
copying /models/Response.cfc
copying /models/security/AuthenticationService.cfc
copying /config/Routes.cfm
copying /config/Coldbox.cfc
copying /modules_app/apic-v1/handlers/Home.cfc
copying /modules_app/apic-v1/handlers/Formularios.cfc
copying /modules_app/apic-v1/ModuleConfig.cfc
copying /includes/helpers/ApplicationHelper.cfm
End finding
.
BACKUP 2017-11-22 10:56:57 -----------
Finding modified or new files...
Init copy...
copying /handlers/Echo.cfc
copying /handlers/BaseHandler.cfc
copying /handlers/Authenticate.cfc
copying /.gitignore
copying /logs/COLDBOXTRACER.log
copying /logs/system.log
copying /logs/access.log
copying /interceptors/ClientSessionInterceptor.cfc
copying /cf-jwt-simple/jwt.cfc
copying /Application.cfc
copying /models/formulario/FormularioDAO.cfc
copying /models/formulario/FormularioService.cfc
copying /models/evento/EventoService.cfc
copying /models/participante/ParticipanteDAO.cfc
copying /models/participante/ParticipanteService.cfc
copying /models/informe/InformeDAO.cfc
copying /models/TokenService.cfc
copying /models/tipoparticipante/TipoParticipanteService.cfc
copying /models/Response.cfc
copying /models/security/AuthenticationService.cfc
copying /config/Routes.cfm
copying /config/Coldbox.cfc
copying /modules_app/apic-v1/handlers/Home.cfc
copying /modules_app/apic-v1/handlers/Formularios.cfc
copying /modules_app/apic-v1/ModuleConfig.cfc
copying /includes/helpers/ApplicationHelper.cfm
End finding
.
BACKUP 2017-11-22 14:41:08 -----------
Finding modified or new files...
Init copy...
copying /handlers/BaseHandler.cfc
copying /handlers/Authenticate.cfc
copying /.gitignore
copying /logs/system.log
copying /logs/access.log
copying /cf-jwt-simple/jwt.cfc
copying /Application.cfc
copying /models/formulario/FormularioDAO.cfc
copying /models/formulario/FormularioService.cfc
copying /models/evento/EventoService.cfc
copying /models/TokenService.cfc
copying /models/Response.cfc
copying /config/Coldbox.cfc
copying /modules_app/apic-v1/handlers/Formularios.cfc
copying /modules_app/apic-v1/ModuleConfig.cfc
copying /includes/helpers/ApplicationHelper.cfm
End finding
.
BACKUP 2017-11-23 09:28:23 -----------
Finding modified or new files...
Init copy...
copying /handlers/BaseHandler.cfc
copying /handlers/Authenticate.cfc
copying /.gitignore
copying /logs/system.log
copying /logs/access.log
copying /cf-jwt-simple/jwt.cfc
copying /models/TokenService.cfc
copying /config/Coldbox.cfc
copying /includes/helpers/ApplicationHelper.cfm
End finding
.
BACKUP 2017-11-24 08:18:01 -----------
Finding modified or new files...
Init copy...
copying /handlers/BaseHandler.cfc
copying /logs/system.log
copying /logs/access.log
copying /models/formulario/FormularioDAO.cfc
copying /models/formulario/FormularioService.cfc
copying /models/QueryService.cfc
copying /models/participante/ParticipanteDAO.cfc
copying /models/participante/ParticipanteService.cfc
copying /models/security/AuthenticationService.cfc
copying /config/Coldbox.cfc
copying /modules_app/apic-v1/handlers/Participantes.cfc
copying /includes/helpers/ApplicationHelper.cfm
End finding
.
BACKUP 2017-11-24 09:48:57 -----------
Finding modified or new files...
Init copy...
copying /handlers/BaseHandler.cfc
copying /logs/system.log
copying /logs/access.log
copying /models/formulario/FormularioDAO.cfc
copying /models/formulario/FormularioService.cfc
copying /models/QueryService.cfc
copying /models/participante/ParticipanteDAO.cfc
copying /models/participante/ParticipanteService.cfc
copying /config/Coldbox.cfc
copying /modules_app/apic-v1/handlers/Participantes.cfc
End finding
.
BACKUP 2017-11-24 15:01:33 -----------
Finding modified or new files...
Init copy...
copying /handlers/BaseHandler.cfc
copying /handlers/Authenticate.cfc
copying /logs/system.log
copying /logs/access.log
copying /Application.cfc
End finding
.
BACKUP 2017-11-27 08:38:17 -----------
Finding modified or new files...
Init copy...
End finding
.
BACKUP 2017-11-30 17:38:54 -----------
Finding modified or new files...
Init copy...
copying /handlers/Echo.cfc
copying /handlers/BaseHandler.cfc
copying /handlers/Base.cfc
copying /handlers/Authenticate.cfc
copying /tests/specs/unit/PermisosTokenTest.cfc
copying /tests/specs/unit/security/PermisosTokenDAOTest.cfc
copying /tests/specs/unit/security/PermisosTokenServiceTest.cfc
copying /logs/system.log
copying /logs/access.log
copying /interceptors/ClientSessionInterceptor.cfc
copying /Application.cfc
copying /models/formulario/FormularioDAO.cfc
copying /models/formulario/FormularioService.cfc
copying /models/participante/ParticipanteDAO.cfc
copying /models/security/EventosTokenService.cfc
copying /models/security/ClientesToken.cfc
copying /models/security/ClientesTokenDAO.cfc
copying /models/security/AuthenticationService.cfc
copying /models/security/ClientesTokenService.cfc
copying /models/security/PermisosToken.cfc
copying /models/security/EventosTokenDAO.cfc
copying /models/security/EventosToken.cfc
copying /models/security/PermisosTokenService.cfc
copying /models/security/PermisosTokenDAO.cfc
copying /config/Routes.cfm
End finding
.
BACKUP 2017-11-30 17:40:01 -----------
Finding modified or new files...
Init copy...
copying /handlers/Echo.cfc
copying /handlers/BaseHandler.cfc
copying /handlers/Base.cfc
copying /handlers/Authenticate.cfc
copying /tests/specs/unit/PermisosTokenTest.cfc
copying /tests/specs/unit/security/PermisosTokenDAOTest.cfc
copying /tests/specs/unit/security/PermisosTokenServiceTest.cfc
copying /logs/system.log
copying /logs/access.log
copying /interceptors/ClientSessionInterceptor.cfc
copying /Application.cfc
copying /models/formulario/FormularioDAO.cfc
copying /models/formulario/FormularioService.cfc
copying /models/participante/ParticipanteDAO.cfc
copying /models/security/EventosTokenService.cfc
copying /models/security/ClientesToken.cfc
copying /models/security/ClientesTokenDAO.cfc
copying /models/security/AuthenticationService.cfc
copying /models/security/ClientesTokenService.cfc
copying /models/security/PermisosToken.cfc
copying /models/security/EventosTokenDAO.cfc
copying /models/security/EventosToken.cfc
copying /models/security/PermisosTokenService.cfc
copying /models/security/PermisosTokenDAO.cfc
copying /config/Routes.cfm
End finding
.
BACKUP 2017-12-04 18:01:31 -----------
Finding modified or new files...
Init copy...
copying /handlers/BaseHandler.cfc
copying /handlers/Authenticate.cfc
copying /logs/system.log
copying /logs/access.log
copying /models/security/EventosTokenService.cfc
copying /models/security/ClientesToken.cfc
copying /models/security/ClientesTokenService.cfc
copying /models/security/PermisosToken.cfc
copying /models/security/EventosTokenDAO.cfc
copying /models/security/EventosToken.cfc
copying /models/security/PermisosTokenService.cfc
copying /models/security/PermisosTokenDAO.cfc
copying /config/Routes.cfm
End finding
.
BACKUP 2017-12-07 16:44:34 -----------
Finding modified or new files...
Init copy...
copying /Application.cfc
copying /modules_app/apic-v1/views/home/documentation.cfm
copying /includes/js/main.js
copying /includes/css/styles.css
copying /includes/less/styles.less
copying /includes/less/landing.less
copying /includes/less/base.less
End finding
.
BACKUP 2017-12-07 16:53:40 -----------
Finding modified or new files...
Init copy...
copying /handlers/BaseHandler.cfc
copying /handlers/ApplicationHandler.cfc
copying /handlers/Authenticate.cfc
copying /logs/system.log
copying /logs/access.log
copying /Application.cfc
copying /models/formulario/FormularioDAO.cfc
copying /models/formulario/FormularioService.cfc
copying /models/security/EventosTokenService.cfc
copying /models/security/ClientesTokenDAO.cfc
copying /models/security/AuthenticationService.cfc
copying /models/security/ClientesTokenService.cfc
copying /models/security/EventosTokenDAO.cfc
copying /config/Routes.cfm
copying /config/Coldbox.cfc
copying /modules_app/apic-v1/handlers/Formularios.cfc
copying /modules_app/apic-v1/handlers/Eventos.cfc
copying /modules_app/apic-v1/ModuleConfig.cfc
copying /modules_app/apic-v1/views/home/documentation.cfm
copying /includes/js/main.js
copying /includes/css/styles.css
copying /includes/less/styles.less
copying /includes/less/landing.less
copying /includes/less/base.less
End finding
.
BACKUP 2017-12-13 10:25:33 -----------
Finding modified or new files...
Init copy...
copying /handlers/BaseHandler.cfc
copying /handlers/Authenticate.cfc
copying /server.json
copying /CQFO6Q~M/logs/system.log
copying /CQFO6Q~M/logs/access.log
copying /CQFO6Q~M/logs/system.20171213.094655.zip
copying /Application.cfc
copying /models/formulario/FormularioDAO.cfc
copying /models/formulario/FormularioService.cfc
copying /models/QueryService.cfc
copying /models/participante/Participante.cfc
copying /models/participante/ParticipanteDAO.cfc
copying /models/participante/ParticipanteService.cfc
copying /models/security/AuthenticationService.cfc
copying /config/Coldbox.cfc
copying /modules_app/apic-v1/handlers/Participantes.cfc
copying /modules_app/apic-v1/ModuleConfig.cfc
End finding
.
BACKUP 2017-12-20 15:43:52 -----------
Finding modified or new files...
Init copy...
copying /handlers/Echo.cfc
copying /handlers/BaseHandler.cfc
copying /index.cfm
copying /logs/system.20171218.123424.zip
copying /logs/system.log
copying /logs/access.log
copying /interceptors/ClientSessionInterceptor.cfc
copying /models/formulario/FormularioService.cfc
copying /models/participante/Participante.cfc
copying /models/participante/ParticipanteDAO.cfc
copying /models/participante/ParticipanteService.cfc
copying /models/campo/CampoFormularioText.cfc
copying /models/FormValidationService.cfc
copying /config/Coldbox.cfc
copying /modules_app/apic-v1/views/home/upload.cfm
copying /includes/helpers/ApplicationHelper.cfm
End finding
.
BACKUP 2018-01-24 09:41:04 -----------
Finding modified or new files...
Init copy...
copying /handlers/Echo.cfc
End finding
.
BACKUP 2018-02-23 10:12:26 -----------
Finding modified or new files...
Init copy...
copying /layouts/_Main.cfm
copying /handlers/Echo.cfc
copying /handlers/BaseHandler.cfc
copying /handlers/Base.cfc
copying /handlers/Authenticate.cfc
copying /views/index.html
copying /views/bugreport.cfm
copying /logs/system.log
copying /logs/system.20180222.125830.zip
copying /logs/system.20180222.160718.zip
copying /logs/access.log
copying /interceptors/LangInterceptor.cfc
copying /interceptors/ExceptionHandlerInterceptor.cfc
copying /Application.cfc
copying /models/QueryService.cfc
copying /models/participante/ParticipanteDAO.cfc
copying /models/participante/ParticipanteService.cfc
copying /models/FormValidationService.cfc
copying /models/security/ClientesTokenDAO.cfc
copying /config/Coldbox.cfc
copying /modules_app/apic-v1/handlers/Participantes.cfc
copying /includes/css/ink.css
copying /includes/helpers/ApplicationHelper.cfm
copying /coldbox/system/Bootstrap.cfc
copying /coldbox/system/includes/BugReport.cfm
End finding
.
BACKUP 2018-02-23 14:30:35 -----------
Finding modified or new files...
Init copy...
copying /layouts/_Main.cfm
copying /handlers/Echo.cfc
copying /handlers/BaseHandler.cfc
copying /handlers/Base.cfc
copying /handlers/Authenticate.cfc
copying /views/index.html
copying /views/bugreport.cfm
copying /logs/system.log
copying /logs/system.20180222.125830.zip
copying /logs/system.20180222.160718.zip
copying /logs/access.log
copying /interceptors/LangInterceptor.cfc
copying /interceptors/ExceptionHandlerInterceptor.cfc
copying /Application.cfc
copying /models/QueryService.cfc
copying /models/participante/ParticipanteDAO.cfc
copying /models/participante/ParticipanteService.cfc
copying /models/FormValidationService.cfc
copying /models/security/ClientesTokenDAO.cfc
copying /config/Coldbox.cfc
copying /modules_app/apic-v1/handlers/Participantes.cfc
copying /includes/css/ink.css
copying /includes/helpers/ApplicationHelper.cfm
copying /coldbox/system/Bootstrap.cfc
copying /coldbox/system/includes/BugReport.cfm
End finding
.
BACKUP 2018-03-06 13:32:58 -----------
Finding modified or new files...
Init copy...
copying /handlers/BaseHandler.cfc
copying /logs/system.log
copying /logs/access.log
copying /interceptors/LangInterceptor.cfc
copying /models/producto/ProductoDAO.cfc
copying /models/participante/ParticipanteDAO.cfc
copying /models/estadistica/ReunionService.cfc
copying /models/estadistica/ReunionDAO.cfc
copying /models/agenda/Agenda.cfc
copying /models/agenda/AgendaService.cfc
copying /models/agenda/AgendaDAO.cfc
copying /models/traduccion/TraduccionDAO.cfc
copying /models/traduccion/TraduccionService.cfc
copying /config/Coldbox.cfc
copying /modules_app/apic-v1/handlers/Estadisticas.cfc
copying /modules_app/apic-v1/handlers/Agenda.cfc
copying /modules_app/apic-v1/handlers/Reuniones.cfc
copying /modules_app/apic-v1/handlers/Home.cfc
copying /modules_app/apic-v1/ModuleConfig.cfc
copying /modules_app/apic-v1/views/home/documentation/producto.cfm
copying /modules_app/apic-v1/views/home/documentation/agenda.cfm
copying /modules_app/apic-v1/views/home/documentation/tipoparticipante.cfm
copying /modules_app/apic-v1/views/home/documentation/reunion.cfm
copying /modules_app/apic-v1/views/home/documentation/authentication.cfm
copying /modules_app/apic-v1/views/home/documentation/evento.cfm
copying /modules_app/apic-v1/views/home/documentation/formulario.cfm
copying /modules_app/apic-v1/views/home/documentation/participante.cfm
copying /modules_app/apic-v1/views/home/documentation.cfm
copying /includes/css/styles.css
copying /includes/helpers/QuerysHelper.cfm
copying /includes/less/styles.less
copying /includes/less/base.less
End finding
.
BACKUP 2018-04-25 17:20:12 -----------
Finding modified or new files...
Init copy...
copying /handlers/BaseHandler.cfc
copying /logs/system.log
copying /logs/access.log
copying /interceptors/ClientSessionInterceptor.cfc
copying /Application.cfc
copying /models/formulario/FormularioDAO.cfc
copying /models/formulario/FormularioService.cfc
copying /models/QueryService.cfc
copying /models/participante/ParticipanteDAO.cfc
copying /models/participante/ParticipanteService.cfc
copying /models/FormValidationService.cfc
copying /models/Response.cfc
copying /config/Coldbox.cfc
copying /modules_app/apic-v1/handlers/Participantes.cfc
End finding
.
BACKUP 2018-04-26 13:45:12 -----------
Finding modified or new files...
Init copy...
copying /handlers/BaseHandler.cfc
copying /logs/system.log
copying /logs/access.log
copying /interceptors/ClientSessionInterceptor.cfc
copying /Application.cfc
copying /models/formulario/FormularioDAO.cfc
copying /models/formulario/FormularioService.cfc
copying /models/QueryService.cfc
copying /models/participante/ParticipanteDAO.cfc
copying /models/participante/ParticipanteService.cfc
copying /models/FormValidationService.cfc
copying /models/Response.cfc
copying /config/Coldbox.cfc
copying /modules_app/apic-v1/handlers/Participantes.cfc
copying /includes/helpers/ApplicationHelper.cfm
copying /includes/helpers/QuerysHelper.cfm
End finding
.
BACKUP 2018-04-26 18:21:56 -----------
Finding modified or new files...
Init copy...
copying /handlers/Echo.cfc
copying /handlers/BaseHandler.cfc
copying /handlers/Authenticate.cfc
copying /logs/system.20180426.153457.zip
copying /logs/system.log
copying /logs/access.log
copying /interceptors/ClientSessionInterceptor.cfc
copying /Application.cfc
copying /models/formulario/FormularioDAO.cfc
copying /models/formulario/FormularioService.cfc
copying /models/BaseModel.cfc
copying /models/QueryService.cfc
copying /models/participante/ParticipanteDAO.cfc
copying /models/participante/ParticipanteService.cfc
copying /models/estadistica/GeneralDAO.cfc
copying /models/campo/CampoDAO.cfc
copying /models/FormValidationService.cfc
copying /models/TokenService.cfc
copying /models/Response.cfc
copying /models/security/EventosTokenService.cfc
copying /models/security/AuthenticationService.cfc
copying /config/Routes.cfm
copying /config/Coldbox.cfc
copying /modules_app/apic-v1/handlers/Participantes.cfc
copying /includes/helpers/ApplicationHelper.cfm
copying /includes/helpers/QuerysHelper.cfm
End finding
.
BACKUP 2018-06-01 10:23:34 -----------
Finding modified or new files...
Init copy...
copying /logs/system.log
copying /logs/access.log
copying /Application.cfc
copying /models/FormValidationService.cfc
End finding
.
BACKUP 2018-07-11 11:28:35 -----------
Finding modified or new files...
Init copy...
copying /handlers/Echo.cfc
copying /logs/system.log
copying /logs/access.log
copying /Application.cfc
copying /modules_app/apic-v1/handlers/Home.cfc
copying /modules_app/apic-v1/views/home/documentation.cfm
copying /includes/i18n/main_es_ES.properties
copying /includes/i18n/main_en_US.properties
copying /includes/i18n/main.properties
End finding
.
BACKUP 2018-08-03 11:31:20 -----------
Finding modified or new files...
Init copy...
copying /.git/index
copying /.git/logs/HEAD
copying /.git/logs/refs/heads/master
copying /.git/COMMIT_EDITMSG
copying /.git/refs/heads/master
copying /.git/config
copying /.git/objects/02/3bfb124479d460256bb4f9c90998d0de4f755b
copying /.git/objects/50/2ecc9363b3c97b44e9d2f0de7cb01795d69166
copying /.git/objects/24/13ab0118e1db780f6dc35b94bf1410af9cd4df
copying /.git/objects/24/042486fdbbdb1c33fcbcb1ab4d43a483a94312
copying /.git/objects/24/e15830a5a2d5dcfccba419c2d79f72f17f5a4d
copying /.git/objects/24/3f9da6d65a478183cbb62c32a09abc8749936c
copying /.git/objects/6c/3c49c3a09e2ab110ed5d6e25883c012845b060
copying /.git/objects/89/299fab77442757fea97ea7e8e75726aebef498
copying /.git/objects/4d/e033d035b0e21d97a16417b25960d82dcabad9
copying /.git/objects/a9/d2a38ff870059cdb61b4df7074894b62bc0662
copying /.git/objects/a9/2713aa534abe233b7a5a8b4cd4239e9ccef2ac
copying /.git/objects/a9/7589cab3933147893a341a9687ebf84124dd76
copying /.git/objects/a9/6d0e9dde1fb078c50a987179197f9b242c6bd2
copying /.git/objects/a9/040b102bd3023be352e5bbb41448d840e970ce
copying /.git/objects/a9/54732fdeb35e9cc56180ba515468f1cd75d0f4
copying /.git/objects/27/6dc60efbac5f76c3074c7d3861bac6edd33b07
copying /.git/objects/66/9d2eac75dfdfc4e07259d98a29d12d103479f3
copying /.git/objects/66/c98d02b4e96eda06f1817ed575ccc9464eabd6
copying /.git/objects/66/252cd18438d6ea3c4f6e494369c76f35d1fda6
copying /.git/objects/ae/f8a52210213603d7fdd4f44dc79599afa4a303
copying /.git/objects/ae/e308fff4eaea3438f173619c2f5762c48a4f61
copying /.git/objects/18/25a4355acc09c81c444448656664f9556b9cca
copying /.git/objects/de/d7054bfdd1dfced3c6ef9c39ecf26952afe377
copying /.git/objects/de/f5f6b911a8938babf2876ecb7ffcb8a7104dc7
copying /.git/objects/4b/6cb99acb7617a9ff89cab41c8b1a3b2f10f653
copying /.git/objects/4b/821f259a921512b1e5e2d24d14c99a20e55d06
copying /.git/objects/4b/aa931a1cd60873a83f398eeaabf8a09d56dc21
copying /.git/objects/28/741bf63b0279006f5b7b85239f6cbba0c2198a
copying /.git/objects/28/2baa6f199ff2a1df7527b967cf09d60ea4c8f1
copying /.git/objects/b8/903bcbdd0b0f3c74bf0867fdda0d2e47b0d7ef
copying /.git/objects/d4/5702adfa0f5119dbfa72965ad19a0dfefd8334
copying /.git/objects/d4/b9575d4a0c53dff195ce88c4e50ff17c6605fe
copying /.git/objects/d4/34f8fbb2e6d9e5047e80df9b1d4ca5b4966229
copying /.git/objects/12/f6a05e8120dc577cc0d2ffda31ca386367b926
copying /.git/objects/9d/4b6757b70774f3eab3c3595087e6996203aabb
copying /.git/objects/1a/24661926f53d23d78f8532ae18cf186dd9f4aa
copying /.git/objects/1a/73a132cadf5b95d977edba20f740c7e3a1cb59
copying /.git/objects/76/c48e694118bb3963f2ca4eb97d903cf6643c58
copying /.git/objects/76/c5cf826f07aea3c2d17f02d82e3713703ea46d
copying /.git/objects/06/d47e3311fc1fa5d106f0ecc64431e56c852cbe
copying /.git/objects/06/26cb49d2258c0b8b61b59b5be7213db77af499
copying /.git/objects/fc/611856f7f8e8d8726eb7a1072171234f37c32b
copying /.git/objects/c0/bc70afad1f04b3543a9b476bc466f9add300be
copying /.git/objects/d8/5059ea44f8a3464faad52935a71acbeb511780
copying /.git/objects/c2/4ed251cd1aab3d3e8b4b3abc649d08f7476d45
copying /.git/objects/c2/4728caf404ade39539a9a1b2c368e98b6608c1
copying /.git/objects/c2/255220d058a6be0d58a594d48cd398dc586593
copying /.git/objects/3a/03701e0bc1bcbeb3ee574ebf75102a23ad6659
copying /.git/objects/3a/6945e3383f44ebb9114cc0447d5fbc8f8d119a
copying /.git/objects/38/468a20e31715a816cd0a786aae3b539e4d846b
copying /.git/objects/bb/d08027dce208b8944989ee22ab5f95849b6a89
copying /.git/objects/bb/072446b103bc3f1ad3e0e7eb8653c43c7c7a0d
copying /.git/objects/db/431e6202a81d509193e738e133ba4ed6e83d7c
copying /.git/objects/ec/3432ff48d8fbc39a9591a5ab9bfca5f0f9c1bb
copying /.git/objects/ec/78d8228de1def0ff9863b09db05dac4fe0b304
copying /.git/objects/9e/6c56fb692d0fa56c4076412f030bbbad9442c9
copying /.git/objects/9e/ea3e1485938e1c63c9dc7d3f9b5245a6d4c48f
copying /.git/objects/f3/8a4f5ca5099a09b036908bcd8474878a9cfc96
copying /.git/objects/f3/cffe3a5e40d107391dea8351faecdeba313521
copying /.git/objects/ac/74bb4d15e0a7f30fcb101b4317485d33fad4d9
copying /.git/objects/ac/d80ba2a81ff3554c131612f5a2ceceb249f30e
copying /.git/objects/ac/74ce3d233f099dd50a4d0b63b475ba311d5c88
copying /.git/objects/ac/0823d6017448d87168e3399bf0863e9773c83d
copying /.git/objects/85/92b581ebf4be039c472bb4b2a726d8e8c8ca3e
copying /.git/objects/ef/ca2e56caae14a5b0374ea50dff911ef33f7b0f
copying /.git/objects/ef/3c5122bd5ab58b5dba0538fdf8cb86cf043600
copying /.git/objects/ef/36313468bc80853aa22e44b9f7ef6f219f4d03
copying /.git/objects/33/30be1d5fa422aa9ef43f0817544dee0d7dc00e
copying /.git/objects/97/7618297326107d9e4fcf3fabe0ca751d985c91
copying /.git/objects/d3/97b070d4b911cb94c0eac56ff825a34310d2cd
copying /.git/objects/d3/e20f379c1bd0060c471e7df4ad7aac508118fb
copying /.git/objects/0c/6bbd691b5fdc0978c56e019735fa7eba692d54
copying /.git/objects/0c/33dc8d071d0dd674c5eef9a01c2d3bb76e8783
copying /.git/objects/dc/ccba057787a1a14a8ed0350860c616813ee6b7
copying /.git/objects/dc/66371128bba737a58e66d51625eec73f5e941c
copying /.git/objects/dc/f5c5041e74288b8a0f0c2aff8774eed23a667d
copying /.git/objects/7e/b4e5f6a22539a8abab5a615ad7ec9fd2242db6
copying /.git/objects/59/2ca4ebbd4228e736e1f37c9135e3c013a7af71
copying /.git/objects/a1/f64c3c874e98dc45039860a0927ddbf1d232d1
copying /.git/objects/b6/a4c34abac2bb8bbf8a4f92cdd659fd71792205
copying /.git/objects/e1/da768d3291fbab8fc97879660c9dd02df1cb14
copying /.git/objects/96/e55f9312293158bee6c062d49b7c3637f59314
copying /.git/objects/8f/6c6d3a22a2cb9b3654104b19214fd112ef0a11
copying /.git/objects/f6/0b91a1fcc760c5319eceb6375be1b67091a0b4
copying /.git/objects/f6/9976396467485f52e63c55e7ca85f5eab20581
copying /.git/objects/f6/7cdb0f7d5418c5fc4c486c871b18bd9c9be4f8
copying /.git/objects/ad/edd577105d3149f2c6a7ea2ce8ebdb924be9b6
copying /.git/objects/29/da687e53a455b4963cda3809a3c97397c00bc8
copying /.git/objects/f4/32a9279376418d57576befc72c328f21125cfc
copying /.git/objects/f4/7664fba970adaaa2711d39f1739ed23f6a8685
copying /.git/objects/a0/9257b54b91867f47ee167f4910688a66a83faf
copying /.git/objects/5e/b59562ee71f663e014cf50648fd7e1971aafc7
copying /.git/objects/b7/7f46648b7f6e663eaf55299574320d43dc53ff
copying /.git/objects/a3/17237d5a2fb640bf82bdca1e3d3842574707e1
copying /.git/objects/58/035b328085e6d9f285234bbfbfd02fee448b99
copying /.git/objects/2f/2bef0dbd11845b5d3948c712262603bd158c3b
copying /.git/objects/2f/9a5b399b943c9700415aec7a44d1a175a3b872
copying /.git/objects/a6/aeee19ad429daad9783dd912aee7d2b3efa16a
copying /.git/objects/a6/4ab34720abaf1971206be0a6e3bb4b021acd15
copying /.git/objects/0d/1f7e98d1e76d6c65ce1252042d1a0438077439
copying /.git/objects/f1/df53e33e23caefe63f129859b8028bc72ad79a
copying /.git/objects/f1/7441aab29fe6385d579f9bafc37352ea876070
copying /.git/objects/e5/d6cb4573426a7a141b5125670d28cd513c87e7
copying /.git/objects/e2/d0099de6d9f4aaa8e8d709c80741abfa66d2b0
copying /.git/objects/f2/50b79ffc2206c04edb6bc97cb596ed73cb6f68
copying /.git/objects/f2/39fb5aefc3e0ccf49e2ec20e8c0383f5e3a00b
copying /.git/objects/e4/25e30af47078a88525bdd2aac04f8c119e0597
copying /.git/objects/e4/baa1624b4c88e003ca016aabe16dc09f09bf6b
copying /.git/objects/e4/0ce299a5a56e2a55a52fe442db6e30d3423608
copying /.git/objects/af/bb26c9cfd64b0c16e9d76299fdd2e928332859
copying /.git/objects/2d/ecc9b14015d2be019ba672418c60ca2d75616a
copying /.git/objects/36/1c2ecc27800ec6cd4bff08fdc9ba7d6ccc09ee
copying /.git/objects/36/7416ecbf2eca627e23fa26cc7121799d90aba7
copying /.git/objects/f5/5d9d918a6aae7db8d8f5265c70a00073f4926e
copying /.git/objects/f5/b427ce2316624c398df2b713c0792aff6cf7ef
copying /.git/objects/ce/4b3ab3a375fab827043127d463446b5809b199
copying /.git/objects/ce/2f602f0717e37f7da3aafd131c4cb29c299670
copying /.git/objects/d6/5d84fc37b90d7a66a6f34516105bf6c7fe5da8
copying /.git/objects/d6/76542c0e1d0904fcf53ddd9969950fb8b59e1d
copying /.git/objects/bf/3ef89247b687dc6b2dbe4d1b46c1da5ea4d140
copying /.git/objects/1e/cef4cc9a55498c13308e45c2495025bbe04599
copying /.git/objects/c4/2769e4eccd2d104f948b79b5ac7d12f6806671
copying /.git/objects/c4/92d1c91ce20ce9ba4c9a5277a8c49746004008
copying /.git/objects/cf/124fb1d46e45e9d49f61745d5706ed2bb99367
copying /.git/objects/cf/a650203910464c331f9c1df605d579405ace5c
copying /.git/objects/cf/e29b0ea59af46185da274afd16f757d6ce0aa6
copying /.git/objects/9b/ddc5c8db7606bab68a27b1c5669c01fb0f2923
copying /.git/objects/8b/5968f77ce09e9d641ac0610b6295a611f8aab3
copying /.git/objects/8b/0407ab70bd7bcf97d1a570350a26351ab4f408
copying /.git/objects/f9/547801055f7dc25bd7e14bdddfaff4027bfa27
copying /.git/objects/f9/5ee3157f98be64248d8ffc95f11c828f847ac6
copying /.git/objects/bd/8035dd9140450618a7ebd00741545f9108ecb2
copying /.git/objects/21/93f188cc289311b02f70b1fa0ce6b80a5e8c3b
copying /.git/objects/c6/e3e5aef80550f8ff01c4f66a4215d20347de1e
copying /.git/objects/fe/aa8d584b8f3c5c3d608988d1fd9158021d0fda
copying /.git/objects/fe/5853e27cf11bed41393ffab48cf8379414e348
copying /.git/objects/fe/377f347a64f5ed7d8a5675a4db0531aec6a33e
copying /.git/objects/fe/5edb26af0ed5fc41e66447b0d9866cf65d1a0d
copying /.git/objects/a8/eec29f902d6abe6e42a8092c0769d4281ed247
copying /.git/objects/47/2da3948dcffe37bebcc222e190f6141fa33346
copying /.git/objects/45/c6381806577da66610a3b13222f43cdf737adf
copying /.git/objects/45/9a4db5bd0e47b60e067f5af4861559901b4160
copying /.git/objects/05/18b92e5d0cbf8fb31a3490aefdd9aa98e8a0fc
copying /.git/objects/05/d92f985b9a2d143c86e8d5c986c87225d8f312
copying /.git/objects/05/188e8ea3c1433d82b4acca0209820473176582
copying /.git/objects/05/308283bb0a8685217cf59eb315631559cd68b8
copying /.git/objects/f8/b81c0d792531744ee200718189cf44caa02e63
copying /.git/objects/95/71d530e70272d4988ffcdba6952f6cc224c1d4
copying /.git/objects/5b/07aa19bba4ba2daccf27ef4019adbd8926270e
copying /.git/objects/5b/b246b60da8563c71a927ac80e5e8472eb7b77e
copying /.git/objects/5b/29f58463e5a6b137a9a260e56eea018c2e67d2
copying /.git/objects/60/14d4201d40d05bb318576048320180fe358953
copying /.git/objects/60/34db6d60092a1798a1dca3eed8a8f9eac8fd65
copying /.git/objects/eb/c6618bf93911b8941ef7819e8947414bb013a0
copying /.git/objects/eb/82071ab8846ff8f68890cff379bbe094ed0af7
copying /.git/objects/eb/00dfcacef877012325c5bcc84fc69f630a25ae
copying /.git/objects/4e/176f4aa9951100045f2d7f144c02c09055a9c5
copying /.git/objects/4e/ba0ae8f9033d23e25f35f68e7d1e0ecc9dbc6f
copying /.git/objects/0e/80cdea8208a401abe4cd8e1f9d1d704157ab3b
copying /.git/objects/0e/89e3cbe4f08f99ccf533ac267b3f442e68a6ee
copying /.git/objects/3e/2bd0bdf7a7cfa06f6a30f647d875f8925ad088
copying /.git/objects/3e/261e278907cd679b76af6a12bbef3df6c454c3
copying /.git/objects/3e/d1ace92661a27338eb1f63cbafa49700013c44
copying /.git/objects/3e/39bfbda4c4541a7d859e85c5a9fa76d9228faf
copying /.git/objects/09/adb44a4d3a961b1699713bfcc750dd65e0c0a4
copying /.git/objects/43/d91777794c3701756ba0f5f92065e7c2ada7b3
copying /.git/objects/43/070ba3465c8cfd5a426c42ff8d52827108a3ca
copying /.git/objects/74/3874baff5e85bff144a0116fd5ff1dcf40161a
copying /.git/objects/74/80b44d575f5d14823b516d895296512d9bb05a
copying /.git/objects/74/11dc44c6186e4ac453b42096604e6830cd6b0a
copying /.git/objects/a5/44f7d29235bb14cc451d0e1d3a5c269e845f3a
copying /.git/objects/a5/e7c4c82998a68d5b0e77700679db031d7e0b65
copying /.git/objects/90/da88610872ecf7d772efe1bfdf2df51edc4623
copying /.git/objects/10/ba2aa0fb12800b7ddbf7986a7221e1c3ddd31f
copying /.git/objects/83/5adcaeb6fcf48b731fa11646426f5e9746dece
copying /.git/objects/83/828ef842b144ad805ae03a402ac925e9dbe62d
copying /.git/objects/83/dceb5eec853d7a662d256398de24b3fd76ffe5
copying /.git/objects/3b/7b2da765468b1c58f23dd58dc4389180e00b0f
copying /.git/objects/3b/9e5cf6f48cefb753265bd33bb8611de9a2693e
copying /.git/objects/cc/24f87e5ecb24e6eadea4487f6b4dd1fc8b04fe
copying /.git/objects/cc/8b87ea5ff1c9c37189a1b8ca157a99164e34bc
copying /.git/objects/86/d609dd366a852916dc892fd13e9cd65a8c267b
copying /.git/objects/4c/90bdbb1e1cc48085cb83b8571a6205f8cc98a9
copying /.git/objects/80/c8fb3acbf16150993e9d672b1e4a61d050b350
copying /.git/objects/d2/2f21960d777d75915fc5f33fa507f1b25dadac
copying /.git/objects/d2/0b32621afdf326df0cf20c08c41ad1dab07377
copying /.git/objects/d2/b6fd926f71ee61f21afbd4a225018420e8fbf7
copying /.git/objects/84/4a4a8df02f5efe40fac1af7fd676c32284648e
copying /.git/objects/84/bd72a5af6ba0f4b89c695a50f056e2d7fd989b
copying /.git/objects/84/e507a82b6b70c0a8e747154b3e861b6b6367cf
copying /.git/objects/84/b4fb5c843bcca9e49c31ea23a42a9de120bdbd
copying /.git/objects/49/9830e3b69eee170b18360f077b6b633faf4e46
copying /.git/objects/7c/f7e8842aa7d2d1f72011330fd3a4a691872a54
copying /.git/objects/ba/7d3b1f23df9bb9a6d9f09488646be74b9f0c6f
copying /.git/objects/da/d4f0affade81e6924b11428c4b50f5135b5b58
copying /.git/objects/0b/cd2431e37e113001f8f18d6741e02395babbf7
copying /.git/objects/0b/499497411c86d91e80cf38af0eff19d672333d
copying /.git/objects/0b/b253fbba8eb02a0d73785308af877fedeff8d1
copying /.git/objects/87/37c35e856d87087f97537759be6be336e46808
copying /.git/objects/87/3453ca7d5faa8fb0d6a7676b7a1d2fa2e958c7
copying /.git/objects/87/67fffb9602717108755c9a935bce35c51d71cd
copying /.git/objects/31/a93856665da48dd42073868bc44f859c80f0cc
copying /.git/objects/31/fe863201045d643a43a24cf202862e83f2c300
copying /.git/objects/73/84e5eff1fbdd9fc91b9053e205165aa5e126e8
copying /.git/objects/73/303c2359438678148ce46dad0be7f08a362220
copying /.git/objects/62/29a818770f9a27aa69d15adf6a69e9b4633036
copying /.git/objects/ab/16deae17b85ddd0d613ff238de6ffe53804ec8
copying /.git/objects/7a/4d549d5d8273b9da0d170b37307c56ba0f460d
copying /.git/objects/93/861d7318873d7b89ff29b564c62e4f67b0397c
copying /.git/objects/93/b8ece6414d6e5b998e03d90815d86063597bcb
copying /.git/objects/7b/71a1a49cb2b0acc646390d60fa5b6781ee79db
copying /.git/objects/7b/216d20eb03b279178fd6a3185bd29382c140c8
copying /.git/objects/7f/2e4245f1fd3b127bc6e6f4eba9f475eea47280
copying /.git/objects/16/6166d29c83862d3b17e335d08cf9145df9fe61
copying /.git/objects/16/79c03b8dad972d92b9aac91abc116c9ba6b23b
copying /.git/objects/16/c805aba35342feeb2ab8f29a7e08dc5cd3a026
copying /.git/objects/44/5274c80d78ce579917a6cf45e32df992411373
copying /.git/objects/3c/393d54f2b5e1618dbef2079625927b6efd61e3
copying /.git/objects/3c/8292095f3023317b350f71e9f0147b064a7565
copying /.git/objects/5f/bfa9d1faeeb31d3247f2ce661bdbba2185179e
copying /.git/objects/c8/1b9cc68ac54960ef2e67f3d567cb82463a60ad
copying /.git/objects/e8/6f5de18643d91435fb0fa4c554b6dd03601413
copying /.git/objects/e8/b5549329544397373536a0f38cd0b75bcb3bd2
copying /.git/objects/c7/1c4d77a2fd86f888659962c78703b37e300a4d
copying /.git/objects/c7/dbbe36516618d4fa4aa0f3689c9c25852ace02
copying /.git/objects/48/ceb4e6dabe34322c8edccd90b207f226d28432
copying /.git/objects/78/b15dd9b61e673c9ec8a03b0d4432b86d6b0674
copying /.git/objects/6b/a14e4fdaf468c1d1218efa3db6d0f9cb2e0e2a
copying /.git/objects/cd/53df339a24fc2b7aee2cd656194bcf4d3196e5
copying /.git/objects/8e/1730494ef21ec5a794e0422462348b41625a88
copying /.git/objects/8e/5c701efe0694f627d58ec42aee6cff5c0bb1b8
copying /.git/objects/67/15f754213f78f03477199e89c90f78278f90f7
copying /.git/objects/67/9ffbdbe50dff865cf09e035a98cd296ddddd96
copying /.git/objects/c5/0ccaea7cccf1171abd163b5b25f95f4c9bca9c
copying /.git/objects/6f/7f46b06f38f87756367315d835d63be7a833b2
copying /.git/objects/00/96be7eb594f2cdc17eecb9783e3138ace4b480
copying /.git/objects/00/87f27eaa444a663167d71b1d5d4f4f790ccf30
copying /.git/objects/2c/059a1868e5146c8440f135e70340c9193540d9
copying /.git/objects/2c/217a3c9e50c0cd71c42648cd818d5cefcc83ae
copying /.git/objects/0f/08e5b28ccbfb9cc0391dcff7f19eb7fcfcfdac
copying /.git/objects/0f/3a0a4b29b445c9e6553050c1cad449ea956657
copying /.git/objects/0f/7565a160464c4ba79bf6f07e6826919397b86a
copying /.git/objects/92/fb8cec86d03e8bc917b9d77a54c1c81cc916b5
copying /.git/objects/e9/29e69490ae760e3678ad491c329d6bee781660
copying /.git/objects/56/822e12c2ae45d57e74f9685e42ef02d6812217
copying /.git/objects/51/6eb190321ee61e59ae6a416fe2de51c6d26d5b
copying /.git/objects/51/c3d01f1dedb5aa83669bd83a5c7e1d4757a0f5
copying /.git/objects/65/8b94439d670dc07fc815e921c2bed02e2913b9
copying /.git/objects/65/558152e3b4365d4458ddac769b8f85e8433dd0
copying /.git/objects/65/96ed666daded143e3625a50bc092187cd822e3
copying /.git/objects/1b/52953a8acfd217f78af38ef5ea638ae539bd6b
copying /.git/objects/41/cf9434f222f71e274b2e66aef12f1b38654290
copying /.git/objects/41/7054c9b948bb60be794860dd4c55460bf4dd03
copying /.git/objects/54/ba1b695c0e29ee5986fb37bf354673915de478
copying /.git/objects/d7/820aa42b3d3e79d3ff33cb5696200ad4ab85f2
copying /.git/objects/26/99822af4beebdec76e68bb1aab5329f1e642ab
copying /.git/objects/26/fefc666ba181b9072a308353ecbc56bdbb63bf
copying /.git/objects/6e/5c9b043daed764d22de63516d001c33ee7cef2
copying /.git/objects/e6/9de29bb2d1d6434b8b29ae775ad8c2e48c5391
copying /.git/objects/e6/05cc1b2832e77c8a23662bb6f1d8bce93a06a9
copying /.git/objects/07/29346df81c50027bd072191fd40e89800fa2ae
copying /.git/objects/df/c4e947de26efb52919e3435970c6dd33cad985
copying /.git/objects/ca/d48e43a638cbe81ea3f65d6ddeec80a42e0e4f
copying /.git/objects/34/261b752aadbbb32e95b8db20278c795a0e4bc9
copying /.git/objects/57/58e9592211778ae685fd68d0c758e4298dbd0e
copying /.git/objects/4a/9b437cadf48a6fa9c0def4313000138a3ef37c
copying /.git/objects/0a/af3bede977d880f3f52601cc7bfb1e385fe1a5
copying /.git/objects/40/76cdbd3c5701c5c6fc104c9705eeabbcc25ed3
copying /.git/objects/98/9fb3da15d3b404de4993bda642e341d574beaa
copying /.git/objects/98/3c62fcd6df1210ff78081f2902a50edd5fdb0e
copying /.git/objects/53/06a92bfa8cc25ec9318433a3f34baa00a1d5aa
copying /.git/objects/53/9550ea83f4520d87cdb49ae1a4a873b4ad64c8
copying /.git/objects/d5/e7f1895dfffa6ebd61f9ba14952be1eec3cc13
copying /.git/objects/d5/64d0bc3dd917926892c55e3706cc116d5b165e
copying /.git/objects/1d/8eb7c48c34494c434588889df779fae126fbbc
copying /.git/objects/1d/0af4d0c260e0446684cd04c1afbabe10ae3dc4
copying /.git/objects/13/29f0a05bdd4553092fb31020cd3f4fc3b9bd14
copying /.git/objects/13/e8a4251ede1772ea447c9f81c35e99c83a04ac
copying /.git/objects/75/47a365c0ef9c95d20441e18f42b943c17fa270
copying /.git/objects/75/f295447ea203f8a0df87e9aea108a8ea1d3d59
copying /.gitignore
copying /Application.cfc
End finding
.
BACKUP 2018-08-14 08:42:40 -----------
Finding modified or new files...
Init copy...
End finding
.
BACKUP 2018-09-12 17:54:57 -----------
Finding modified or new files...
Init copy...
copying /handlers/Echo.cfc
copying /handlers/Dashboard.cfc
copying /handlers/BaseHandler.cfc
copying /handlers/Base.cfc
copying /handlers/Authenticate.cfc
copying /logs/system.20180912.135031.zip
copying /logs/system.log
copying /logs/access.log
copying /interceptors/ClientSessionInterceptor.cfc
copying /Application.cfc
copying /models/formulario/FormularioService.cfc
copying /models/formulario/Formulario.cfc
copying /models/BaseModel.cfc
copying /models/QueryService.cfc
copying /models/producto/ProductoDAO.cfc
copying /models/producto/ProductoService.cfc
copying /models/participante/Participante.cfc
copying /models/participante/ParticipanteDAO.cfc
copying /models/participante/ParticipanteService.cfc
copying /models/estadistica/ReunionService.cfc
copying /models/estadistica/ReunionDAO.cfc
copying /models/FormValidationService.cfc
BACKUP 2018-09-12 18:00:37 -----------
Finding modified or new files...
Init copy...
copying /handlers/Echo.cfc
copying /handlers/Dashboard.cfc
copying /handlers/BaseHandler.cfc
copying /handlers/Base.cfc
copying /handlers/Authenticate.cfc
copying /logs/system.20180912.135031.zip
copying /logs/system.log
copying /logs/access.log
copying /interceptors/ClientSessionInterceptor.cfc
copying /Application.cfc
copying /models/formulario/FormularioService.cfc
copying /models/formulario/Formulario.cfc
copying /models/BaseModel.cfc
copying /models/QueryService.cfc
copying /models/producto/ProductoDAO.cfc
copying /models/producto/ProductoService.cfc
copying /models/participante/Participante.cfc
copying /models/participante/ParticipanteDAO.cfc
copying /models/participante/ParticipanteService.cfc
copying /models/estadistica/ReunionService.cfc
copying /models/estadistica/ReunionDAO.cfc
copying /models/FormValidationService.cfc
copying /models/actividad/ActividadService.cfc
copying /models/actividad/ActividadDAO.cfc
copying /models/Response.cfc
copying /models/security/EventosTokenService.cfc
copying /models/security/ClientesToken.cfc
copying /models/security/ClientesTokenDAO.cfc
copying /models/security/AuthenticationService.cfc
copying /models/security/ClientesTokenService.cfc
copying /models/security/ApiStartupService.cfc
copying /config/Routes.cfm
copying /config/Coldbox.cfc
copying /modules_app/apic-v1/handlers/Productos.cfc
copying /modules_app/apic-v1/handlers/Participantes.cfc
copying /modules_app/apic-v1/handlers/Actividades.cfc
copying /modules_app/apic-v1/handlers/Reuniones.cfc
copying /modules_app/apic-v1/handlers/Formularios.cfc
copying /modules_app/apic-v1/ModuleConfig.cfc
copying /includes/helpers/ApplicationHelper.cfm
copying /includes/i18n/main_es_ES.properties
copying /includes/i18n/main_en_US.properties
copying /includes/i18n/main.properties
copying /coldbox/system/interceptors/SES.cfc
copying /coldbox/system/core/util/CFMappingHelper.cfc
End finding
.
BACKUP 2018-09-13 09:14:09 -----------
Finding modified or new files...
Init copy...
copying /handlers/Echo.cfc
copying /handlers/Dashboard.cfc
copying /handlers/BaseHandler.cfc
copying /handlers/Base.cfc
copying /handlers/Authenticate.cfc
copying /logs/system.20180912.135031.zip
copying /logs/system.log
copying /logs/access.log
copying /interceptors/ClientSessionInterceptor.cfc
copying /Application.cfc
copying /models/formulario/FormularioService.cfc
copying /models/formulario/Formulario.cfc
copying /models/BaseModel.cfc
copying /models/QueryService.cfc
copying /models/producto/ProductoDAO.cfc
copying /models/producto/ProductoService.cfc
copying /models/participante/Participante.cfc
copying /models/participante/ParticipanteDAO.cfc
copying /models/participante/ParticipanteService.cfc
copying /models/estadistica/ReunionService.cfc
copying /models/estadistica/ReunionDAO.cfc
copying /models/FormValidationService.cfc
copying /models/actividad/ActividadService.cfc
copying /models/actividad/ActividadDAO.cfc
copying /models/Response.cfc
copying /models/security/EventosTokenService.cfc
copying /models/security/ClientesToken.cfc
copying /models/security/ClientesTokenDAO.cfc
copying /models/security/AuthenticationService.cfc
copying /models/security/ClientesTokenService.cfc
copying /models/security/ApiStartupService.cfc
copying /config/Routes.cfm
copying /config/Coldbox.cfc
copying /modules_app/apic-v1/handlers/Productos.cfc
copying /modules_app/apic-v1/handlers/Participantes.cfc
copying /modules_app/apic-v1/handlers/Actividades.cfc
copying /modules_app/apic-v1/handlers/Reuniones.cfc
copying /modules_app/apic-v1/handlers/Formularios.cfc
copying /modules_app/apic-v1/ModuleConfig.cfc
copying /includes/helpers/ApplicationHelper.cfm
copying /includes/i18n/main_es_ES.properties
copying /includes/i18n/main_en_US.properties
copying /includes/i18n/main.properties
copying /coldbox/system/interceptors/SES.cfc
copying /coldbox/system/core/util/CFMappingHelper.cfc
End finding
.
BACKUP 2018-10-11 17:07:28 -----------
Finding modified or new files...
Init copy...
copying /handlers/BaseHandler.cfc
copying /handlers/Authenticate.cfc
copying /readme.md
copying /logs/system.log
copying /logs/access.log
copying /logs/system.20181009.181919.zip
copying /interceptors/ClientSessionInterceptor.cfc
copying /modules/cf-jwt-simple/jwt.cfc
copying /Application.cfc
copying /models/formulario/FormularioDAO.cfc
copying /models/formulario/FormularioService.cfc
copying /models/BaseModel.cfc
copying /models/QueryService.cfc
copying /models/producto/ProductoDAO.cfc
copying /models/producto/ProductoService.cfc
copying /models/participante/ParticipanteDAO.cfc
copying /models/participante/ParticipanteService.cfc
copying /models/estadistica/ReunionService.cfc
copying /models/estadistica/ReunionDAO.cfc
copying /models/agenda/AgendaService.cfc
copying /models/agenda/AgendaDAO.cfc
copying /models/campo/CampoDAO.cfc
copying /models/FormValidationService.cfc
copying /models/actividad/ActividadService.cfc
copying /models/actividad/ActividadDAO.cfc
copying /models/Response.cfc
copying /models/security/AuthenticationService.cfc
copying /modules_app/apic-v1/handlers/Productos.cfc
copying /modules_app/apic-v1/handlers/Participantes.cfc
copying /modules_app/apic-v1/handlers/Actividades.cfc
copying /modules_app/apic-v1/handlers/Agenda.cfc
copying /modules_app/apic-v1/handlers/Reuniones.cfc
copying /modules_app/apic-v1/ModuleConfig.cfc
copying /includes/helpers/ApplicationHelper.cfm
copying /includes/helpers/QuerysHelper.cfm
copying /includes/helpers/StringHelper.cfm
copying /includes/i18n/main_en_US.properties
End finding
.
