/z/apic/layouts/_Main.cfm
/z/apic/handlers/Echo.cfc
/z/apic/handlers/BaseHandler.cfc
/z/apic/handlers/Base.cfc
/z/apic/handlers/Authenticate.cfc
/z/apic/views/index.html
/z/apic/views/bugreport.cfm
/z/apic/logs/system.log
/z/apic/logs/system.20180222.125830.zip
/z/apic/logs/system.20180222.160718.zip
/z/apic/logs/access.log
/z/apic/interceptors/LangInterceptor.cfc
/z/apic/interceptors/ExceptionHandlerInterceptor.cfc
/z/apic/Application.cfc
/z/apic/models/QueryService.cfc
/z/apic/models/participante/ParticipanteDAO.cfc
/z/apic/models/participante/ParticipanteService.cfc
/z/apic/models/FormValidationService.cfc
/z/apic/models/security/ClientesTokenDAO.cfc
/z/apic/config/Coldbox.cfc
/z/apic/modules_app/apic-v1/handlers/Participantes.cfc
/z/apic/includes/css/ink.css
/z/apic/includes/helpers/ApplicationHelper.cfm
/z/apic/coldbox/system/Bootstrap.cfc
/z/apic/coldbox/system/includes/BugReport.cfm
